Loading source file src/graph/Edge.java...
Loading source file src/graph/Graph.java...
Loading source file src/graph/TestGraph.java...
Loading source file src/graph/Vertex.java...
Constructing Javadoc information...
Standard Doclet version 1.8.0_45
Building tree for all the packages and classes...
Generating doc/graph/Edge.html...
Generating doc/graph/Graph.html...
Generating doc/graph/TestGraph.html...
Generating doc/graph/Vertex.html...
Generating doc/graph/package-frame.html...
Generating doc/graph/package-summary.html...
Generating doc/graph/package-tree.html...
Generating doc/constant-values.html...
Building index for all the packages and classes...
Generating doc/overview-tree.html...
Generating doc/index-all.html...
Generating doc/deprecated-list.html...
Building index for all classes...
Generating doc/allclasses-frame.html...
Generating doc/allclasses-noframe.html...
Generating doc/index.html...
Generating doc/help-doc.html...
11 warnings
